[2015-11-16 19:12:19] START
[2015-11-16 19:36:30] EDIT hostel/models/db.py: 16
[2015-11-19 15:02:02] UPLOAD /home/aakar/web2py/hostel/applications/hostel/static/layout.css: 83
[2015-11-19 15:02:46] UPLOAD /home/aakar/web2py/hostel/applications/hostel/static/fontawesome-4.2.0.min.css: 4
[2015-11-19 15:04:00] UPLOAD /home/aakar/web2py/hostel/applications/hostel/static/framework.css: 63
[2015-11-19 15:04:36] UPLOAD /home/aakar/web2py/hostel/applications/hostel/static/framework.css: 63
[2015-11-19 15:05:05] UPLOAD /home/aakar/web2py/hostel/applications/hostel/static/fontawesome-4.2.0.min.css: 4
[2015-11-19 15:09:48] UPLOAD /home/aakar/web2py/hostel/applications/hostel/static/1.png: 2440
[2015-11-19 15:10:44] UPLOAD /home/aakar/web2py/hostel/applications/hostel/static/2.png: 2359
[2015-11-19 15:12:10] CREATE layout: 0
[2015-11-19 15:12:41] DELETE hostel/static/layout: 0
[2015-11-19 15:14:20] UPLOAD /home/aakar/web2py/hostel/applications/hostel/static/3.png: 1950
[2015-11-19 15:14:52] UPLOAD /home/aakar/web2py/hostel/applications/hostel/static/4.png: 2622
[2015-11-19 15:15:36] UPLOAD /home/aakar/web2py/hostel/applications/hostel/static/5.png: 2452
[2015-11-19 15:41:13] EDIT hostel/views/default/index.html: 29
[2015-11-19 15:42:46] UPLOAD /home/aakar/web2py/hostel/applications/hostel/static/jquery.tabslet.min.js: 23
[2015-11-19 15:43:05] UPLOAD /home/aakar/web2py/hostel/applications/hostel/static/jquery.fitvids.min.js: 15
[2015-11-19 15:43:26] UPLOAD /home/aakar/web2py/hostel/applications/hostel/static/jquery.min.js: 4
[2015-11-19 15:43:39] UPLOAD /home/aakar/web2py/hostel/applications/hostel/static/jquery.mobilemenu.js: 4
[2015-11-19 15:46:00] EDIT hostel/views/default/index.html: 0
[2015-11-19 15:48:16] EDIT hostel/views/default/index.html: 0
[2015-11-19 15:53:11] EDIT hostel/views/default/index.html: 0
[2015-11-19 15:54:15] EDIT hostel/views/default/index.html: 0
[2015-11-19 15:56:02] EDIT hostel/views/default/index.html: 0
[2015-11-19 15:58:23] EDIT hostel/views/default/index.html: 0
[2015-11-20 17:54:12] EDIT hostel/views/default/index.html: 0
[2015-11-20 17:54:19] EDIT hostel/views/default/index.html: 0
[2015-11-20 17:54:32] EDIT hostel/views/default/index.html: 0
[2015-11-20 17:54:42] EDIT hostel/views/default/index.html: 0
[2015-11-20 17:54:51] EDIT hostel/views/default/index.html: 0
[2015-11-20 17:55:10] EDIT hostel/views/default/index.html: 0
[2015-11-20 17:55:28] EDIT hostel/views/default/index.html: 0
[2015-11-20 17:56:34] EDIT hostel/views/default/index.html: 0
[2015-11-20 17:56:50] EDIT hostel/views/default/index.html: 0
[2015-11-20 17:57:14] EDIT hostel/views/default/index.html: 0
[2015-11-20 17:57:39] EDIT hostel/views/default/index.html: 0
[2015-11-20 18:00:25] EDIT hostel/views/default/index.html: 0
[2015-11-20 18:00:43] EDIT hostel/views/default/index.html: 0
[2015-11-20 18:01:01] EDIT hostel/views/default/index.html: 0
[2015-11-20 18:02:11] EDIT hostel/views/default/index.html: 0
[2015-11-20 18:02:30] EDIT hostel/views/default/index.html: 0
[2015-11-20 18:03:45] EDIT hostel/views/default/index.html: 0
[2015-11-20 18:04:17] EDIT hostel/views/default/index.html: 0
[2015-11-20 18:12:10] EDIT hostel/views/default/index.html: 0
[2015-11-20 18:12:58] EDIT hostel/views/default/index.html: 0
[2015-11-20 18:15:15] EDIT hostel/views/default/index.html: 1
[2015-11-20 18:15:27] EDIT hostel/views/default/index.html: 0
[2015-11-20 18:17:41] EDIT hostel/views/default/index.html: 0
[2015-11-20 18:19:10] EDIT hostel/views/default/index.html: 1
[2015-11-20 18:19:14] EDIT hostel/views/default/index.html: 0
[2015-11-20 18:19:21] EDIT hostel/views/default/index.html: 0
[2015-11-20 18:21:02] EDIT hostel/views/default/index.html: 0
[2015-11-20 18:22:15] EDIT hostel/views/default/index.html: 1
[2015-11-20 18:22:29] EDIT hostel/views/default/index.html: 0
[2015-11-20 18:23:25] EDIT hostel/views/default/index.html: -2
[2015-11-20 18:23:32] EDIT hostel/views/default/index.html: 3
[2015-11-20 18:23:47] EDIT hostel/views/default/index.html: 0
[2015-11-20 18:24:23] EDIT hostel/views/default/index.html: 0
[2015-11-20 18:29:21] EDIT hostel/views/default/index.html: 39
[2015-11-20 18:30:18] EDIT hostel/views/default/index.html: 12
[2015-11-20 18:30:24] EDIT hostel/views/default/index.html: -7
[2015-11-20 18:30:34] EDIT hostel/views/default/index.html: 7
[2015-11-20 18:30:52] EDIT hostel/views/default/index.html: -51
[2015-11-20 18:31:15] EDIT hostel/views/default/index.html: 51
[2015-11-20 18:34:46] EDIT hostel/views/layout.html: 102
[2015-11-20 18:35:28] EDIT hostel/views/default/index.html: -51
[2015-11-20 18:35:44] EDIT hostel/views/layout.html: -102
[2015-11-20 18:35:57] EDIT hostel/views/layout.html: 102
[2015-11-20 18:36:10] CREATE default/index2.html: 0
[2015-11-20 18:38:14] EDIT hostel/controllers/default.py: 9
[2015-11-20 18:38:56] EDIT hostel/views/layout.html: -102
[2015-11-20 18:40:19] EDIT hostel/views/layout.html: -51
[2015-11-20 18:41:14] EDIT hostel/views/layout.html: 0
[2015-11-20 18:41:53] EDIT hostel/views/layout.html: 0
[2015-11-20 18:42:42] EDIT hostel/views/layout.html: 4
[2015-11-20 18:43:36] EDIT hostel/views/layout.html: -54
[2015-11-20 18:43:39] EDIT hostel/views/layout.html: 50
[2015-11-20 18:44:16] EDIT hostel/views/layout.html: -50
[2015-11-20 18:44:31] EDIT hostel/views/layout.html: 0
[2015-11-20 18:44:51] EDIT hostel/views/layout.html: 50
[2015-11-20 18:45:05] EDIT hostel/views/layout.html: -50
[2015-11-20 18:45:58] EDIT hostel/views/layout.html: 3
[2015-11-20 18:46:17] EDIT hostel/views/layout.html: 0
[2015-11-20 20:26:38] EDIT hostel/views/layout.html: 0
[2015-11-20 20:26:59] EDIT hostel/views/layout.html: 55
[2015-11-20 20:28:40] EDIT hostel/views/layout.html: 1
[2015-11-20 20:33:25] EDIT hostel/views/layout.html: -28
[2015-11-20 20:34:38] EDIT hostel/views/layout.html: 0
[2015-11-20 20:34:57] EDIT hostel/views/layout.html: 0
[2015-11-20 20:35:04] EDIT hostel/views/layout.html: 0
[2015-11-20 20:36:20] EDIT hostel/views/layout.html: -3
[2015-11-20 20:37:03] EDIT hostel/views/layout.html: -3
[2015-11-20 20:37:14] EDIT hostel/views/layout.html: 0
[2015-11-20 20:37:32] EDIT hostel/views/layout.html: 0
[2015-11-20 20:37:34] EDIT hostel/views/layout.html: 0
[2015-11-20 20:37:38] EDIT hostel/views/layout.html: 0
[2015-11-20 20:44:39] EDIT hostel/static/layout.css: 0
[2015-11-20 20:44:47] EDIT hostel/static/layout.css: 0
[2015-11-20 20:46:09] EDIT hostel/static/layout.css: 0
[2015-11-20 20:46:41] EDIT hostel/static/layout.css: 0
[2015-11-20 20:46:48] EDIT hostel/static/layout.css: 0
[2015-11-20 20:47:03] EDIT hostel/static/layout.css: 0
[2015-11-20 20:47:04] EDIT hostel/static/layout.css: 0
[2015-11-20 20:47:10] EDIT hostel/static/layout.css: 0
[2015-11-20 20:50:06] EDIT hostel/static/layout.css: 0
[2015-11-20 20:51:12] EDIT hostel/views/layout.html: -1
[2015-11-20 20:51:21] EDIT hostel/views/layout.html: 1
[2015-11-20 20:52:30] EDIT hostel/static/layout.css: 0
[2015-11-20 20:52:55] EDIT hostel/static/layout.css: 0
[2015-11-20 20:53:18] EDIT hostel/static/layout.css: 0
[2015-11-20 20:53:31] EDIT hostel/static/layout.css: 0
[2015-11-20 20:53:44] EDIT hostel/static/layout.css: 0
[2015-11-20 20:54:07] EDIT hostel/views/layout.html: 0
[2015-11-20 20:54:11] EDIT hostel/views/layout.html: 0
[2015-11-20 20:54:15] EDIT hostel/views/layout.html: 0
[2015-11-20 20:54:42] EDIT hostel/views/layout.html: -1
[2015-11-20 20:54:59] EDIT hostel/views/layout.html: 1
[2015-11-20 20:55:18] EDIT hostel/static/layout.css: -1
[2015-11-20 20:55:29] EDIT hostel/static/layout.css: -1
[2015-11-20 20:56:29] EDIT hostel/views/layout.html: 0
[2015-11-20 20:57:44] EDIT hostel/static/layout.css: -3
[2015-11-20 20:58:26] EDIT hostel/views/layout.html: 0
[2015-11-20 20:58:33] EDIT hostel/static/layout.css: 2
[2015-11-20 20:58:41] EDIT hostel/static/layout.css: 0
[2015-11-20 20:58:47] EDIT hostel/static/layout.css: 1
[2015-11-20 20:58:59] EDIT hostel/static/layout.css: -1
[2015-11-20 20:59:15] EDIT hostel/static/layout.css: 1
[2015-11-20 21:00:40] EDIT hostel/views/default/index.html: -62
[2015-11-20 21:03:48] CREATE user.py: 0
[2015-11-20 21:03:58] EDIT hostel/controllers/user.py: 156
[2015-11-20 21:04:17] CREATE user/index.html: 0
[2015-11-20 21:05:16] EDIT hostel/views/layout.html: -11
[2015-11-20 21:05:49] EDIT hostel/views/layout.html: 11
[2015-11-20 21:05:59] EDIT hostel/views/layout.html: 2
[2015-11-20 21:06:46] EDIT hostel/views/layout.html: -12
[2015-11-20 21:07:19] EDIT hostel/views/layout.html: -1
[2015-11-20 21:07:55] EDIT hostel/views/layout.html: 4
[2015-11-20 21:08:13] EDIT hostel/views/layout.html: 6
[2015-11-20 21:13:44] EDIT hostel/views/default/index2.html: 6
[2015-11-20 21:14:00] EDIT hostel/views/default/index2.html: 1
[2015-11-20 21:14:17] EDIT hostel/views/default/index2.html: 0
[2015-11-20 21:16:01] EDIT hostel/models/db.py: 17
[2015-11-20 21:33:12] EDIT hostel/controllers/default.py: 0
[2015-11-20 21:34:23] EDIT hostel/controllers/default.py: 9
[2015-11-20 21:34:52] EDIT hostel/controllers/default.py: 0
[2015-11-20 21:35:14] EDIT hostel/controllers/default.py: 1
[2015-11-20 21:35:30] EDIT hostel/controllers/default.py: 1
[2015-11-20 21:35:38] EDIT hostel/controllers/default.py: 0
[2015-11-20 21:35:44] EDIT hostel/controllers/default.py: 0
[2015-11-20 21:35:44] EDIT hostel/controllers/default.py: 0
[2015-11-20 21:35:45] EDIT hostel/controllers/default.py: 0
[2015-11-20 21:35:54] EDIT hostel/controllers/default.py: 0
[2015-11-20 21:36:31] EDIT hostel/controllers/default.py: 0
[2015-11-20 21:37:49] EDIT hostel/views/layout.html: -1
[2015-11-20 21:38:33] EDIT hostel/views/layout.html: 1
[2015-11-20 21:38:46] EDIT hostel/views/layout.html: 0
[2015-11-20 21:39:41] EDIT hostel/views/layout.html: -35
[2015-11-20 21:40:00] EDIT hostel/views/layout.html: 35
[2015-11-20 21:40:43] EDIT hostel/views/default/index.html: 0
[2015-11-20 21:41:06] EDIT hostel/views/layout.html: 0
[2015-11-20 21:41:33] EDIT hostel/views/default/index.html: -1
[2015-11-20 21:42:13] EDIT hostel/views/layout.html: 0
[2015-11-20 21:42:21] EDIT hostel/views/layout.html: 0
[2015-11-20 21:42:36] EDIT hostel/views/layout.html: 0
[2015-11-20 21:42:52] EDIT hostel/views/layout.html: -1
[2015-11-20 21:43:23] EDIT hostel/views/layout.html: 4
[2015-11-20 21:43:31] EDIT hostel/views/layout.html: 0
[2015-11-20 21:44:03] EDIT hostel/views/layout.html: 0
[2015-11-20 21:45:29] EDIT hostel/controllers/default.py: 0
[2015-11-20 21:48:05] EDIT hostel/controllers/default.py: 0
[2015-11-20 21:48:10] EDIT hostel/controllers/default.py: 0
[2015-11-20 21:49:14] CREATE default/bakul.html: 0
[2015-11-20 21:49:51] CREATE default/nbh.html: 0
[2015-11-20 21:50:08] CREATE default/obh.html: 0
[2015-11-20 21:50:26] CREATE default/parijat.html: 0
[2015-11-20 21:51:04] EDIT hostel/views/layout.html: 0
[2015-11-20 21:51:19] EDIT hostel/views/layout.html: 0
[2015-11-20 21:51:32] EDIT hostel/views/layout.html: 0
[2015-11-20 21:51:46] EDIT hostel/views/layout.html: 0
[2015-11-20 21:51:54] EDIT hostel/views/layout.html: 0
[2015-11-20 21:52:45] EDIT hostel/controllers/default.py: 2
[2015-11-20 21:52:50] EDIT hostel/controllers/default.py: 0
[2015-11-20 21:52:56] EDIT hostel/controllers/default.py: 1
[2015-11-20 21:53:08] EDIT hostel/controllers/default.py: 9
[2015-11-20 21:53:22] EDIT hostel/controllers/default.py: 0
[2015-11-20 21:53:29] EDIT hostel/controllers/default.py: 0
[2015-11-20 21:53:34] EDIT hostel/controllers/default.py: 0
[2015-11-20 21:53:37] EDIT hostel/controllers/default.py: 0
[2015-11-20 21:54:22] EDIT hostel/controllers/default.py: 0
[2015-11-20 21:55:01] EDIT hostel/views/layout.html: 0
[2015-11-20 21:56:54] EDIT hostel/views/layout.html: 0
[2015-11-20 21:57:33] EDIT hostel/views/layout.html: 0
[2015-11-20 21:58:11] EDIT hostel/views/layout.html: 0
[2015-11-20 21:58:35] EDIT hostel/views/layout.html: 0
[2015-11-20 21:58:57] CREATE layout2.html: 0
[2015-11-20 21:59:07] EDIT hostel/views/layout2.html: 153
[2015-11-20 22:00:03] EDIT hostel/views/layout2.html: 0
[2015-11-20 22:00:21] EDIT hostel/views/default/bakul.html: 0
[2015-11-20 22:00:31] EDIT hostel/views/layout.html: 0
[2015-11-20 22:00:53] EDIT hostel/views/default/bakul.html: 0
[2015-11-20 22:01:26] EDIT hostel/views/default/nbh.html: 0
[2015-11-20 22:01:39] EDIT hostel/views/default/obh.html: 0
[2015-11-20 22:01:47] EDIT hostel/views/default/parijat.html: 0
[2015-11-20 22:02:03] CREATE layout3.html: 0
[2015-11-20 22:02:20] CREATE layout4.html: 0
[2015-11-20 22:02:32] CREATE layout5.html: 0
[2015-11-20 22:03:03] EDIT hostel/views/layout5.html: 153
[2015-11-20 22:04:14] EDIT hostel/views/layout5.html: 0
[2015-11-20 22:04:50] EDIT hostel/views/layout3.html: 152
[2015-11-20 22:05:07] EDIT hostel/views/layout4.html: 153
[2015-11-20 22:05:54] EDIT hostel/views/layout3.html: 1
[2015-11-20 22:06:23] EDIT hostel/views/layout3.html: 0
[2015-11-20 22:36:22] EDIT hostel/models/menu.py: 0
[2015-11-20 22:36:29] EDIT hostel/models/menu.py: 0
[2015-11-20 22:36:48] EDIT hostel/models/menu.py: 0
[2015-11-20 22:37:08] EDIT hostel/models/menu.py: 0
[2015-11-20 22:37:12] EDIT hostel/models/menu.py: 0
[2015-11-20 22:37:29] EDIT hostel/models/menu.py: 0
[2015-11-20 22:37:52] EDIT hostel/models/menu.py: 0
[2015-11-20 22:38:06] CREATE user/viewforum.html: 0
[2015-11-20 22:39:35] EDIT hostel/controllers/user.py: -1
[2015-11-20 22:40:18] EDIT hostel/controllers/user.py: 0
[2015-11-20 22:40:46] EDIT hostel/controllers/user.py: 13
[2015-11-20 22:40:48] EDIT hostel/controllers/user.py: 0
[2015-11-20 22:41:30] EDIT hostel/models/menu.py: 0
[2015-11-20 22:43:59] EDIT hostel/views/user/viewforum.html: 7
[2015-11-20 22:45:05] EDIT hostel/controllers/user.py: 1
[2015-11-20 22:45:42] EDIT hostel/controllers/user.py: 0
[2015-11-20 22:46:25] EDIT hostel/controllers/user.py: 0
[2015-11-20 22:47:18] EDIT hostel/controllers/user.py: 0
[2015-11-20 22:48:17] EDIT hostel/controllers/user.py: 0
[2015-11-20 22:50:01] EDIT hostel/controllers/user.py: -1
[2015-11-20 22:50:38] EDIT hostel/controllers/user.py: 1
[2015-11-20 22:51:10] EDIT hostel/controllers/user.py: 0
[2015-11-20 22:51:47] EDIT hostel/controllers/user.py: 0
[2015-11-20 22:52:07] CREATE user/viewparticularforum.html: 0
[2015-11-20 22:52:19] EDIT hostel/controllers/user.py: 0
[2015-11-20 22:52:45] EDIT hostel/controllers/user.py: 0
[2015-11-20 22:52:52] EDIT hostel/controllers/user.py: 1
[2015-11-20 22:53:35] EDIT hostel/views/user/viewparticularforum.html: 32
[2015-11-20 22:55:29] EDIT hostel/views/user/viewparticularforum.html: 0
[2015-11-20 22:56:16] EDIT hostel/views/user/viewparticularforum.html: 0
[2015-11-20 22:57:07] EDIT hostel/controllers/user.py: 0
[2015-11-20 22:59:12] EDIT hostel/models/menu.py: 0
[2015-11-20 22:59:25] EDIT hostel/models/menu.py: 0
[2015-11-20 22:59:33] EDIT hostel/models/menu.py: 0
[2015-11-20 22:59:41] EDIT hostel/models/menu.py: 0
[2015-11-20 23:00:24] EDIT hostel/models/menu.py: -20
[2015-11-20 23:02:36] CREATE user/viewmessage.html: 0
[2015-11-20 23:02:47] EDIT hostel/views/user/viewmessage.html: 1
[2015-11-20 23:02:52] EDIT hostel/views/user/viewmessage.html: -1
[2015-11-20 23:03:20] EDIT hostel/models/menu.py: 0
[2015-11-20 23:03:30] EDIT hostel/models/menu.py: 0
[2015-11-20 23:04:03] EDIT hostel/models/menu.py: 0
[2015-11-20 23:04:07] EDIT hostel/models/menu.py: 0
[2015-11-20 23:04:29] CREATE user/message.html: 0
[2015-11-20 23:05:13] EDIT hostel/views/user/message.html: 31
[2015-11-20 23:05:34] EDIT hostel/models/menu.py: 0
[2015-11-20 23:10:26] EDIT hostel/models/db.py: 1
[2015-11-20 23:10:36] EDIT hostel/models/db.py: 0
[2015-11-20 23:10:49] EDIT hostel/models/db.py: 1
[2015-11-20 23:11:02] EDIT hostel/models/db.py: 0
[2015-11-20 23:11:14] EDIT hostel/models/db.py: 1
[2015-11-20 23:11:20] EDIT hostel/models/db.py: 0
[2015-11-20 23:11:33] EDIT hostel/models/db.py: 0
[2015-11-20 23:11:36] EDIT hostel/models/db.py: 0
[2015-11-20 23:11:46] EDIT hostel/models/db.py: 1
[2015-11-20 23:11:59] EDIT hostel/models/db.py: 1
[2015-11-20 23:13:12] EDIT hostel/models/menu.py: 1
[2015-11-20 23:13:31] CREATE user/complaint.html: 0
[2015-11-20 23:13:39] EDIT hostel/models/menu.py: 0
[2015-11-20 23:14:23] EDIT hostel/views/user/complaint.html: 1
[2015-11-20 23:16:04] EDIT hostel/controllers/user.py: 1
[2015-11-20 23:16:09] EDIT hostel/controllers/user.py: 0
[2015-11-20 23:16:48] EDIT hostel/views/user/complaint.html: -1
[2015-11-20 23:16:59] CREATE user/users.html: 0
[2015-11-20 23:17:10] EDIT hostel/controllers/user.py: 0
[2015-11-20 23:17:33] EDIT hostel/views/user/users.html: -1
[2015-11-20 23:18:03] EDIT hostel/models/menu.py: -61
[2015-11-20 23:18:08] EDIT hostel/models/menu.py: 0
[2015-11-20 23:18:25] EDIT hostel/models/menu.py: 1
[2015-11-20 23:18:27] EDIT hostel/models/menu.py: 0
[2015-11-20 23:18:37] EDIT hostel/models/menu.py: 0
[2015-11-20 23:18:42] EDIT hostel/models/menu.py: 0
[2015-11-20 23:20:33] EDIT hostel/controllers/user.py: 1
[2015-11-20 23:20:48] EDIT hostel/controllers/user.py: 0
[2015-11-20 23:21:01] EDIT hostel/controllers/user.py: 0
[2015-11-20 23:21:22] EDIT hostel/controllers/user.py: 0
[2015-11-20 23:21:32] EDIT hostel/controllers/user.py: 0
[2015-11-20 23:23:37] EDIT hostel/controllers/user.py: 0
[2015-11-20 23:41:09] EDIT hostel/models/menu.py: 3
[2015-11-20 23:41:44] EDIT hostel/models/menu.py: 1
[2015-11-20 23:41:53] EDIT hostel/models/menu.py: 0
[2015-11-20 23:41:59] EDIT hostel/models/menu.py: 1
[2015-11-20 23:42:06] EDIT hostel/models/menu.py: 0
[2015-11-20 23:42:18] EDIT hostel/models/menu.py: 0
[2015-11-20 23:42:39] EDIT hostel/models/menu.py: 0
[2015-11-20 23:42:56] EDIT hostel/models/menu.py: 0
[2015-11-20 23:43:17] EDIT hostel/models/menu.py: 0
[2015-11-20 23:44:48] EDIT hostel/models/menu.py: 0
[2015-11-20 23:45:13] EDIT hostel/models/menu.py: 0
[2015-11-20 23:49:15] EDIT hostel/models/menu.py: 0
[2015-11-20 23:49:30] EDIT hostel/models/menu.py: 0
[2015-11-20 23:49:45] EDIT hostel/models/menu.py: 0
[2015-11-20 23:50:38] EDIT hostel/controllers/user.py: 12
[2015-11-20 23:50:56] EDIT hostel/controllers/user.py: 1
[2015-11-20 23:51:18] CREATE user/newmessage.html: 0
[2015-11-20 23:51:44] EDIT hostel/views/user/newmessage.html: 2
[2015-11-20 23:52:03] EDIT hostel/controllers/user.py: 0
[2015-11-20 23:53:14] EDIT hostel/controllers/user.py: 1
[2015-11-20 23:53:28] EDIT hostel/controllers/user.py: 0
[2015-11-20 23:54:37] EDIT hostel/controllers/user.py: 0
[2015-11-20 23:54:46] EDIT hostel/controllers/user.py: 0
[2015-11-20 23:54:50] EDIT hostel/controllers/user.py: 0
[2015-11-20 23:54:50] EDIT hostel/controllers/user.py: 0
[2015-11-20 23:54:50] EDIT hostel/controllers/user.py: 0
[2015-11-20 23:55:13] EDIT hostel/controllers/user.py: 0
[2015-11-20 23:55:28] EDIT hostel/controllers/user.py: 0
[2015-11-20 23:55:37] EDIT hostel/controllers/user.py: 0
[2015-11-20 23:55:45] EDIT hostel/controllers/user.py: 0
[2015-11-20 23:56:03] EDIT hostel/controllers/user.py: 0
[2015-11-20 23:56:10] EDIT hostel/controllers/user.py: 0
[2015-11-20 23:56:24] EDIT hostel/controllers/user.py: 0
[2015-11-20 23:56:32] EDIT hostel/controllers/user.py: -1
[2015-11-20 23:56:51] EDIT hostel/controllers/user.py: 1
[2015-11-20 23:56:59] EDIT hostel/controllers/user.py: 0
[2015-11-20 23:57:05] EDIT hostel/controllers/user.py: 0
[2015-11-20 23:57:18] EDIT hostel/controllers/user.py: 0
[2015-11-20 23:57:42] EDIT hostel/views/user/viewmessage.html: -1
[2015-11-20 23:58:31] EDIT hostel/controllers/user.py: 0
[2015-11-20 23:58:41] EDIT hostel/controllers/user.py: 0
[2015-11-20 23:59:17] EDIT hostel/views/user/message.html: -1
[2015-11-21 00:00:21] EDIT hostel/controllers/user.py: 0
[2015-11-21 00:00:22] EDIT hostel/controllers/user.py: 0
[2015-11-21 00:00:34] EDIT hostel/controllers/user.py: 0
[2015-11-21 00:01:36] EDIT hostel/controllers/user.py: 0
[2015-11-21 00:01:49] EDIT hostel/controllers/user.py: 0
[2015-11-21 00:02:22] EDIT hostel/controllers/user.py: 0
[2015-11-21 00:04:02] EDIT hostel/controllers/user.py: 1
[2015-11-21 00:04:06] EDIT hostel/controllers/user.py: 0
[2015-11-21 00:27:52] EDIT hostel/models/db.py: 10
[2015-11-21 00:28:08] EDIT hostel/models/db.py: 0
[2015-11-21 00:28:23] EDIT hostel/models/db.py: 0
[2015-11-21 00:28:43] EDIT hostel/models/db.py: 0
[2015-11-21 00:28:53] EDIT hostel/models/db.py: 0
[2015-11-21 00:29:00] EDIT hostel/models/db.py: 0
[2015-11-21 00:29:13] EDIT hostel/models/db.py: -5
[2015-11-21 00:32:35] EDIT hostel/views/default/nbh.html: -1
[2015-11-21 00:33:22] EDIT hostel/controllers/default.py: 2
[2015-11-21 00:33:33] EDIT hostel/controllers/default.py: 1
[2015-11-21 00:34:58] EDIT hostel/controllers/default.py: 0
[2015-11-21 00:35:17] EDIT hostel/controllers/default.py: 0
[2015-11-21 00:35:18] EDIT hostel/controllers/default.py: 0
[2015-11-21 00:36:20] EDIT hostel/controllers/default.py: 1
[2015-11-21 00:36:55] EDIT hostel/controllers/default.py: 0
[2015-11-21 00:37:22] EDIT hostel/controllers/default.py: 0
[2015-11-21 00:46:51] EDIT hostel/controllers/default.py: 1
[2015-11-21 00:47:19] EDIT hostel/controllers/default.py: 0
[2015-11-21 00:48:33] EDIT hostel/controllers/default.py: 2
[2015-11-21 00:48:40] EDIT hostel/controllers/default.py: 0
[2015-11-21 00:49:17] EDIT hostel/controllers/default.py: 0
[2015-11-21 00:50:05] EDIT hostel/controllers/default.py: 1
[2015-11-21 00:50:30] EDIT hostel/controllers/default.py: 0
[2015-11-21 00:50:32] EDIT hostel/controllers/default.py: 0
[2015-11-21 00:50:50] EDIT hostel/controllers/default.py: 0
[2015-11-21 00:51:31] EDIT hostel/controllers/default.py: 0
[2015-11-21 00:52:15] EDIT hostel/controllers/default.py: 0
[2015-11-21 00:52:35] EDIT hostel/controllers/default.py: -1
[2015-11-21 00:53:22] EDIT hostel/controllers/default.py: 0
[2015-11-21 00:53:47] EDIT hostel/controllers/default.py: 0
[2015-11-21 00:53:58] EDIT hostel/controllers/default.py: 0
[2015-11-21 00:54:40] EDIT hostel/controllers/default.py: 0
[2015-11-21 00:55:21] EDIT hostel/controllers/default.py: 0
[2015-11-21 00:55:47] EDIT hostel/controllers/default.py: 0
[2015-11-21 00:55:58] EDIT hostel/controllers/default.py: 0
[2015-11-21 00:56:15] EDIT hostel/controllers/default.py: 0
[2015-11-21 00:58:03] EDIT hostel/controllers/default.py: 0
[2015-11-21 00:59:06] EDIT hostel/controllers/default.py: 0
[2015-11-21 00:59:51] EDIT hostel/controllers/default.py: -1
[2015-11-21 01:00:28] EDIT hostel/controllers/default.py: 0
[2015-11-21 01:01:32] EDIT hostel/controllers/default.py: 0
[2015-11-21 01:02:23] EDIT hostel/controllers/default.py: 0
[2015-11-21 01:02:52] EDIT hostel/controllers/default.py: 0
[2015-11-21 01:03:38] EDIT hostel/controllers/default.py: 1
[2015-11-21 01:03:44] EDIT hostel/controllers/default.py: 0
[2015-11-21 01:03:52] EDIT hostel/controllers/default.py: 0
[2015-11-21 01:04:16] EDIT hostel/controllers/default.py: 0
[2015-11-21 01:04:50] EDIT hostel/views/default/obh.html: -2
[2015-11-21 01:04:55] EDIT hostel/views/default/obh.html: 0
[2015-11-21 01:05:12] EDIT hostel/views/default/obh.html: 1
[2015-11-21 01:05:41] EDIT hostel/controllers/default.py: 0
[2015-11-21 01:06:09] EDIT hostel/controllers/default.py: 1
[2015-11-21 01:06:14] EDIT hostel/controllers/default.py: 0
[2015-11-21 01:06:39] EDIT hostel/controllers/default.py: 0
[2015-11-21 01:10:29] EDIT hostel/controllers/default.py: 0
[2015-11-21 01:11:04] EDIT hostel/controllers/user.py: 0
[2015-11-21 01:16:41] EDIT hostel/controllers/user.py: 0
[2015-11-21 01:16:51] EDIT hostel/controllers/user.py: 0
[2015-11-21 01:18:50] EDIT hostel/controllers/user.py: 0
[2015-11-21 01:18:52] EDIT hostel/controllers/user.py: 0
[2015-11-21 01:19:42] EDIT hostel/controllers/user.py: 0
[2015-11-21 01:21:20] EDIT hostel/controllers/user.py: 4
[2015-11-21 01:22:55] EDIT hostel/controllers/user.py: 8
[2015-11-21 01:23:55] EDIT hostel/controllers/user.py: -3
[2015-11-21 01:24:05] EDIT hostel/controllers/user.py: 0
[2015-11-21 01:24:09] EDIT hostel/controllers/user.py: 0
[2015-11-21 01:24:17] EDIT hostel/controllers/user.py: 0
[2015-11-21 01:24:18] EDIT hostel/controllers/user.py: 0
[2015-11-21 01:24:28] EDIT hostel/controllers/user.py: 0
[2015-11-21 01:25:15] EDIT hostel/views/user/complaint.html: 3
[2015-11-21 01:25:54] EDIT hostel/controllers/user.py: 0
[2015-11-21 01:26:55] EDIT hostel/controllers/user.py: 1
[2015-11-21 01:27:41] EDIT hostel/views/user/complaint.html: 0
[2015-11-21 01:27:51] EDIT hostel/views/user/complaint.html: 0
[2015-11-21 01:29:53] EDIT hostel/views/user/complaint.html: 3
[2015-11-21 01:30:06] EDIT hostel/views/user/complaint.html: 3
[2015-11-21 01:30:23] EDIT hostel/views/user/complaint.html: 1
[2015-11-21 01:30:54] EDIT hostel/views/user/complaint.html: 0
[2015-11-21 01:34:17] EDIT hostel/controllers/user.py: 1
[2015-11-21 01:34:56] EDIT hostel/controllers/user.py: 2
[2015-11-21 01:35:02] EDIT hostel/controllers/user.py: 1
[2015-11-21 01:37:06] EDIT hostel/controllers/user.py: 5
[2015-11-21 01:37:34] EDIT hostel/controllers/user.py: 2
[2015-11-21 01:37:39] EDIT hostel/controllers/user.py: -1
[2015-11-21 01:37:56] EDIT hostel/controllers/user.py: -4
[2015-11-21 01:38:42] CREATE user/profile.html: 0
[2015-11-21 01:39:00] CREATE user/editprofile.html: 0
[2015-11-21 01:39:29] EDIT hostel/controllers/user.py: 0
[2015-11-21 01:39:37] EDIT hostel/views/user/profile.html: -1
[2015-11-21 01:40:23] EDIT hostel/controllers/user.py: 0
[2015-11-21 01:40:38] EDIT hostel/controllers/user.py: 0
[2015-11-21 01:41:13] EDIT hostel/models/menu.py: 1
[2015-11-21 01:41:21] EDIT hostel/models/menu.py: 0
[2015-11-21 01:41:24] EDIT hostel/models/menu.py: 0
[2015-11-21 01:41:56] EDIT hostel/views/user/editprofile.html: -1
[2015-11-21 01:43:27] EDIT hostel/controllers/user.py: 1
[2015-11-21 01:43:31] EDIT hostel/controllers/user.py: 0
[2015-11-21 01:44:28] EDIT hostel/controllers/user.py: 0
[2015-11-21 01:44:32] EDIT hostel/controllers/user.py: 0
[2015-11-21 01:45:00] EDIT hostel/controllers/user.py: 0
[2015-11-21 01:45:29] EDIT hostel/controllers/user.py: 0
[2015-11-21 01:45:45] EDIT hostel/controllers/user.py: 0
[2015-11-21 01:46:27] EDIT hostel/controllers/user.py: 0
[2015-11-21 01:47:08] EDIT hostel/controllers/user.py: 0
[2015-11-21 01:47:13] EDIT hostel/controllers/user.py: 0
[2015-11-21 01:47:36] EDIT hostel/controllers/user.py: 0
[2015-11-21 01:47:40] EDIT hostel/controllers/user.py: 0
[2015-11-21 02:13:04] EDIT hostel/models/db.py: 0
[2015-11-21 02:13:28] EDIT hostel/models/db.py: 0
[2015-11-21 02:13:50] EDIT hostel/models/db.py: 0
[2015-11-21 02:14:17] EDIT hostel/models/db.py: 0
[2015-11-21 02:14:23] EDIT hostel/models/db.py: 0
[2015-11-21 02:17:29] EDIT hostel/views/user/message.html: 0
[2015-11-21 02:18:13] EDIT hostel/views/user/message.html: 0
[2015-11-21 02:18:37] EDIT hostel/views/user/message.html: 0
[2015-11-21 02:19:06] EDIT hostel/views/user/message.html: 0
[2015-11-21 02:22:58] EDIT hostel/views/user/message.html: 2
[2015-11-21 02:23:12] EDIT hostel/views/user/message.html: 0
[2015-11-21 02:23:22] EDIT hostel/views/user/message.html: 0
[2015-11-21 02:25:42] EDIT hostel/views/user/message.html: 0
[2015-11-21 02:26:17] EDIT hostel/views/user/message.html: 1
[2015-11-21 02:27:15] EDIT hostel/views/user/message.html: 0
[2015-11-21 02:27:52] EDIT hostel/views/user/message.html: 0
[2015-11-21 02:28:08] EDIT hostel/views/user/message.html: 0
[2015-11-21 02:28:39] EDIT hostel/views/user/message.html: -2
[2015-11-21 02:30:04] EDIT hostel/views/user/message.html: -2
[2015-11-21 02:30:26] EDIT hostel/views/user/message.html: 1
[2015-11-21 02:31:44] EDIT hostel/views/user/message.html: 2
[2015-11-21 02:32:33] EDIT hostel/views/user/message.html: 2
[2015-11-21 02:32:40] EDIT hostel/views/user/message.html: 0
[2015-11-21 02:33:07] EDIT hostel/views/user/message.html: 5
[2015-11-21 02:33:39] EDIT hostel/views/user/message.html: -1
[2015-11-21 02:34:17] EDIT hostel/views/user/message.html: 0
[2015-11-21 02:34:28] EDIT hostel/views/user/message.html: -4
[2015-11-21 02:34:40] EDIT hostel/views/user/message.html: 0
[2015-11-21 02:35:49] EDIT hostel/views/user/message.html: 0
[2015-11-21 02:36:48] EDIT hostel/views/user/message.html: 0
[2015-11-21 02:37:12] EDIT hostel/views/user/message.html: 0
[2015-11-21 02:37:41] EDIT hostel/views/user/message.html: 5
[2015-11-21 02:37:55] EDIT hostel/views/user/message.html: -1
[2015-11-21 02:38:15] EDIT hostel/views/user/message.html: 1
[2015-11-21 02:38:56] EDIT hostel/views/user/message.html: 0
[2015-11-21 02:39:18] EDIT hostel/views/user/message.html: 0
[2015-11-21 02:39:30] EDIT hostel/views/user/message.html: 0
[2015-11-21 02:39:32] EDIT hostel/views/user/message.html: 0
[2015-11-21 02:40:02] EDIT hostel/views/user/message.html: 0
[2015-11-21 02:42:07] EDIT hostel/views/user/message.html: 0
[2015-11-21 02:42:10] EDIT hostel/views/user/message.html: 0
[2015-11-21 02:45:55] EDIT hostel/views/user/message.html: 0
[2015-11-21 04:22:02] EDIT hostel/static/layout.css: 1
[2015-11-21 04:22:19] EDIT hostel/static/layout.css: 0
[2015-11-21 04:30:58] EDIT hostel/views/default/bakul.html: 47
[2015-11-21 05:00:51] EDIT hostel/views/user/message.html: 49
[2015-11-21 05:02:21] EDIT hostel/views/user/message.html: -28
[2015-11-21 05:07:56] EDIT hostel/static/layout.css: 160
[2015-11-21 05:09:21] EDIT hostel/views/default/nbh.html: 46
[2015-11-21 05:11:47] EDIT hostel/static/layout.css: 57
[2015-11-21 05:12:48] EDIT hostel/static/layout.css: -8
[2015-11-21 05:12:52] EDIT hostel/static/layout.css: -10
[2015-11-21 05:14:21] EDIT hostel/views/user/message.html: -1
[2015-11-21 05:15:31] EDIT hostel/views/user/message.html: -6
[2015-11-21 05:16:20] EDIT hostel/views/user/message.html: 1
[2015-11-21 05:20:56] EDIT hostel/views/user/message.html: 1
[2015-11-21 05:21:31] EDIT hostel/views/user/message.html: 0
[2015-11-21 05:22:08] EDIT hostel/views/user/message.html: -5
[2015-11-21 05:22:54] EDIT hostel/views/user/message.html: -2
[2015-11-21 05:23:03] EDIT hostel/views/user/message.html: 0
[2015-11-21 05:23:58] EDIT hostel/static/layout.css: -12
[2015-11-21 05:24:07] EDIT hostel/static/layout.css: -17
[2015-11-21 05:25:28] EDIT hostel/static/layout.css: -93
[2015-11-21 05:25:50] EDIT hostel/static/layout.css: -5
[2015-11-21 05:26:07] EDIT hostel/static/layout.css: -14
[2015-11-21 05:26:45] EDIT hostel/static/layout.css: 0
[2015-11-21 05:26:52] EDIT hostel/static/layout.css: 0
[2015-11-21 05:27:09] EDIT hostel/static/layout.css: 0
[2015-11-21 05:27:32] EDIT hostel/static/layout.css: 0
[2015-11-21 05:28:03] EDIT hostel/static/layout.css: 0
[2015-11-21 05:28:27] EDIT hostel/static/layout.css: 0
[2015-11-21 05:28:59] EDIT hostel/static/layout.css: 0
[2015-11-21 05:29:24] EDIT hostel/static/layout.css: 0
[2015-11-21 05:29:44] EDIT hostel/static/layout.css: 0
[2015-11-21 05:31:01] EDIT hostel/static/layout.css: 0
[2015-11-21 05:31:31] EDIT hostel/static/layout.css: 0
[2015-11-21 05:31:48] EDIT hostel/static/layout.css: 0
[2015-11-21 05:31:59] EDIT hostel/views/user/message.html: 0
[2015-11-21 05:32:36] EDIT hostel/static/layout.css: 0
[2015-11-21 05:33:57] EDIT hostel/views/user/message.html: 0
[2015-11-21 05:39:05] EDIT hostel/views/user/message.html: 2
[2015-11-21 05:43:26] EDIT hostel/views/user/message.html: 5
[2015-11-21 05:43:35] EDIT hostel/views/user/message.html: 1
[2015-11-21 05:44:09] EDIT hostel/views/user/message.html: -3
[2015-11-21 05:44:22] EDIT hostel/views/user/message.html: 1
[2015-11-21 05:44:52] EDIT hostel/views/user/message.html: 0
[2015-11-21 05:45:17] EDIT hostel/views/user/message.html: 1
[2015-11-21 05:45:50] EDIT hostel/views/default/parijat.html: 0
[2015-11-21 05:46:49] EDIT hostel/static/layout.css: 0
[2015-11-21 05:47:29] EDIT hostel/views/user/message.html: 2
[2015-11-21 05:48:02] EDIT hostel/views/user/message.html: 0
[2015-11-21 05:48:25] EDIT hostel/views/default/parijat.html: 71
[2015-11-21 05:51:07] EDIT hostel/views/default/index.html: 1
[2015-11-21 05:51:15] EDIT hostel/controllers/default.py: 0
[2015-11-21 05:52:32] EDIT hostel/controllers/default.py: 0
[2015-11-21 05:54:24] EDIT hostel/controllers/default.py: 0
[2015-11-21 05:54:37] EDIT hostel/controllers/default.py: 0
[2015-11-21 05:57:57] EDIT hostel/controllers/user.py: 0
[2015-11-21 05:58:10] EDIT hostel/controllers/user.py: 0
[2015-11-21 05:58:42] EDIT hostel/controllers/user.py: 0
[2015-11-21 05:59:02] EDIT hostel/controllers/user.py: 0
[2015-11-21 06:05:59] EDIT hostel/controllers/user.py: 0
[2015-11-21 06:08:14] EDIT hostel/views/default/parijat.html: 0
[2015-11-21 06:13:28] EDIT hostel/controllers/user.py: 0
[2015-11-21 06:13:53] EDIT hostel/controllers/user.py: 5
[2015-11-21 06:14:03] EDIT hostel/controllers/user.py: 0
[2015-11-21 06:14:18] UPLOAD /home/aakar/web2py/hostel/applications/hostel/static/background.jpg: 229
[2015-11-21 06:14:41] EDIT hostel/controllers/user.py: 1
[2015-11-21 06:14:46] EDIT hostel/controllers/user.py: 0
[2015-11-21 06:14:49] EDIT hostel/controllers/user.py: 0
[2015-11-21 06:15:00] EDIT hostel/controllers/user.py: 0
[2015-11-21 06:15:14] EDIT hostel/controllers/user.py: 0
[2015-11-21 06:16:01] EDIT hostel/views/user/viewmessage.html: 4
[2015-11-21 06:16:14] EDIT hostel/views/user/viewmessage.html: 3
[2015-11-21 06:17:26] EDIT hostel/static/layout.css: 0
[2015-11-21 06:17:47] EDIT hostel/controllers/user.py: 0
[2015-11-21 06:17:55] EDIT hostel/static/layout.css: 0
[2015-11-21 06:17:59] EDIT hostel/controllers/user.py: 0
[2015-11-21 06:19:18] EDIT hostel/static/layout.css: 0
[2015-11-21 06:19:32] EDIT hostel/static/layout.css: 0
[2015-11-21 06:20:17] EDIT hostel/static/layout.css: 1
[2015-11-21 06:21:08] EDIT hostel/controllers/user.py: 0
[2015-11-21 06:21:46] EDIT hostel/controllers/user.py: 2
[2015-11-21 06:21:53] EDIT hostel/controllers/user.py: 0
[2015-11-21 06:22:01] EDIT hostel/controllers/user.py: 0
[2015-11-21 06:22:38] EDIT hostel/controllers/user.py: 0
[2015-11-21 06:22:54] EDIT hostel/controllers/user.py: 0
[2015-11-21 06:23:33] EDIT hostel/controllers/user.py: 0
[2015-11-21 06:24:38] EDIT hostel/views/default/index.html: -1
[2015-11-21 06:25:31] EDIT hostel/views/user/viewmessage.html: 0
[2015-11-21 06:25:43] EDIT hostel/views/user/viewmessage.html: 1
[2015-11-21 06:25:59] EDIT hostel/views/user/viewmessage.html: 0
[2015-11-21 06:26:43] EDIT hostel/controllers/user.py: 1
[2015-11-21 06:27:36] EDIT hostel/controllers/user.py: 0
[2015-11-21 06:29:16] EDIT hostel/controllers/user.py: 1
[2015-11-21 06:29:28] EDIT hostel/controllers/user.py: 0
[2015-11-21 06:29:58] EDIT hostel/controllers/user.py: -2
[2015-11-21 06:35:06] EDIT hostel/controllers/user.py: 0
[2015-11-21 06:36:02] EDIT hostel/controllers/user.py: 0
[2015-11-21 06:38:30] EDIT hostel/controllers/user.py: 0
[2015-11-21 06:38:49] EDIT hostel/controllers/user.py: 0
[2015-11-21 06:42:09] EDIT hostel/views/user/viewparticularforum.html: 1
[2015-11-21 06:42:23] EDIT hostel/views/user/viewparticularforum.html: 1
[2015-11-21 06:42:48] EDIT hostel/views/user/viewparticularforum.html: 3
[2015-11-21 06:43:29] EDIT hostel/views/user/viewparticularforum.html: 0
[2015-11-21 06:44:31] EDIT hostel/views/user/message.html: -1
[2015-11-21 06:45:10] EDIT hostel/views/user/viewparticularforum.html: 0
[2015-11-21 06:45:13] EDIT hostel/views/user/viewparticularforum.html: 0
[2015-11-21 06:53:41] EDIT hostel/views/default/nbh.html: 1
[2015-11-21 06:53:55] EDIT hostel/views/default/parijat.html: 0
[2015-11-21 06:54:03] EDIT hostel/views/default/bakul.html: 1
[2015-11-21 06:54:33] EDIT hostel/controllers/default.py: 10
[2015-11-21 06:54:39] EDIT hostel/controllers/default.py: 0
[2015-11-21 06:54:50] EDIT hostel/controllers/default.py: 10
[2015-11-21 06:54:57] EDIT hostel/controllers/default.py: 10
[2015-11-21 07:02:36] EDIT hostel/controllers/user.py: 1
[2015-11-21 07:02:42] EDIT hostel/controllers/user.py: 0
[2015-11-21 07:02:56] EDIT hostel/controllers/user.py: 0
[2015-11-21 07:04:43] EDIT hostel/models/db.py: 1
[2015-11-21 07:04:55] EDIT hostel/models/db.py: -1
[2015-11-21 07:05:21] EDIT hostel/models/db.py: 1
[2015-11-21 07:05:32] EDIT hostel/models/db.py: 0
[2015-11-21 07:05:43] EDIT hostel/models/db.py: -1
[2015-11-21 07:08:38] EDIT hostel/controllers/user.py: 2
[2015-11-21 07:08:57] EDIT hostel/controllers/user.py: 0
[2015-11-21 07:09:12] EDIT hostel/controllers/user.py: -2
[2015-11-21 07:11:31] EDIT hostel/controllers/user.py: -1
[2015-11-21 07:14:12] EDIT hostel/views/default/nbh.html: -42
[2015-11-21 07:14:26] EDIT hostel/views/default/parijat.html: -67
[2015-11-21 07:14:38] EDIT hostel/views/default/bakul.html: -44
[2015-11-21 07:15:23] EDIT hostel/views/default/bakul.html: -1
[2015-11-21 07:15:41] EDIT hostel/views/default/bakul.html: 1
[2015-11-21 07:15:59] EDIT hostel/views/default/parijat.html: -1
[2015-11-21 07:16:13] EDIT hostel/views/default/obh.html: 5
[2015-11-21 07:16:20] EDIT hostel/views/default/parijat.html: 1
[2015-11-21 07:17:05] EDIT hostel/views/default/bakul.html: -1
[2015-11-21 07:17:17] EDIT hostel/views/default/nbh.html: 0
[2015-11-21 07:17:24] EDIT hostel/views/default/obh.html: 0
[2015-11-21 07:17:28] EDIT hostel/views/default/parijat.html: 0
[2015-11-21 07:18:25] EDIT hostel/controllers/default.py: -1
[2015-11-21 07:18:28] EDIT hostel/controllers/default.py: -1
[2015-11-21 07:18:36] EDIT hostel/controllers/default.py: -1
[2015-11-21 07:18:40] EDIT hostel/controllers/default.py: -1
[2015-11-21 07:18:43] EDIT hostel/controllers/default.py: -1
[2015-11-21 07:18:45] EDIT hostel/controllers/default.py: -1
[2015-11-21 07:20:13] EDIT hostel/views/user/message.html: -2
[2015-11-21 07:21:38] EDIT hostel/views/user/message.html: 3
[2015-11-21 07:22:17] EDIT hostel/views/user/message.html: 4
[2015-11-21 07:22:24] EDIT hostel/views/user/message.html: 0
[2015-11-21 07:22:35] EDIT hostel/views/user/message.html: -2
[2015-11-21 07:22:52] EDIT hostel/views/user/message.html: 0
[2015-11-21 07:23:02] EDIT hostel/views/user/message.html: 0
[2015-11-21 07:23:20] EDIT hostel/views/user/message.html: 0
[2015-11-21 07:23:30] EDIT hostel/views/user/message.html: -2
[2015-11-21 07:24:26] EDIT hostel/views/user/message.html: 0
[2015-11-21 07:25:29] EDIT hostel/views/user/message.html: 1
[2015-11-21 07:25:44] EDIT hostel/views/user/message.html: -1
[2015-11-21 07:25:55] EDIT hostel/views/user/message.html: -1
[2015-11-21 07:26:29] EDIT hostel/views/user/message.html: 0
[2015-11-21 07:26:55] EDIT hostel/views/user/message.html: 3
[2015-11-21 07:27:06] EDIT hostel/views/user/message.html: 3
[2015-11-21 07:27:31] EDIT hostel/views/user/message.html: -6
[2015-11-21 07:28:41] EDIT hostel/views/user/message.html: 0
[2015-11-21 07:29:02] EDIT hostel/views/user/message.html: 2
[2015-11-21 07:29:49] EDIT hostel/views/user/message.html: 0
[2015-11-21 07:30:32] EDIT hostel/views/user/message.html: 0
[2015-11-21 07:31:43] EDIT hostel/static/layout.css: 4
[2015-11-21 07:32:23] EDIT hostel/static/layout.css: 0
[2015-11-21 07:33:09] EDIT hostel/views/user/message.html: 0
[2015-11-21 07:34:09] EDIT hostel/views/user/message.html: -1
[2015-11-21 07:34:14] EDIT hostel/views/user/message.html: -1
[2015-11-21 07:35:09] EDIT hostel/views/user/message.html: 2
[2015-11-21 07:35:18] EDIT hostel/views/user/message.html: 1
[2015-11-21 07:35:31] EDIT hostel/views/user/message.html: 1
[2015-11-21 07:36:03] EDIT hostel/views/user/message.html: 0
[2015-11-21 07:36:55] EDIT hostel/views/user/message.html: 1
[2015-11-21 07:37:26] EDIT hostel/views/user/message.html: 1
[2015-11-21 07:38:04] EDIT hostel/views/user/message.html: 1
[2015-11-21 07:39:02] EDIT hostel/views/user/message.html: 0
[2015-11-21 07:43:40] EDIT hostel/views/user/message.html: 0
[2015-11-21 07:44:04] EDIT hostel/views/user/message.html: -11
[2015-11-21 07:44:45] EDIT hostel/views/user/message.html: 1
[2015-11-21 07:45:08] EDIT hostel/views/user/message.html: -1
[2015-11-21 07:45:20] EDIT hostel/views/user/message.html: -2
[2015-11-21 07:45:50] EDIT hostel/views/user/message.html: -6
[2015-11-21 07:46:20] EDIT hostel/views/user/message.html: 0
[2015-11-21 07:46:34] EDIT hostel/views/user/message.html: 1
[2015-11-21 07:46:38] EDIT hostel/views/user/message.html: 0
[2015-11-21 07:48:42] EDIT hostel/views/user/message.html: 0
[2015-11-21 07:50:17] EDIT hostel/controllers/default.py: 0
[2015-11-21 07:50:50] EDIT hostel/controllers/default.py: 0
[2015-11-21 07:50:56] EDIT hostel/controllers/default.py: 0
[2015-11-21 07:51:03] EDIT hostel/controllers/default.py: 0
[2015-11-21 12:58:24] EDIT hostel/controllers/default.py: 0
[2015-11-24 03:18:32] EDIT hostel/views/user/message.html: 0
[2015-11-24 03:19:09] EDIT hostel/views/user/message.html: 0
[2015-11-24 03:20:02] EDIT hostel/views/user/viewparticularforum.html: 0
